<?xml version="1.0" encoding="UTF-8"?>
<!-- Generated by org.testng.reporters.JUnitReportReporter -->
<testsuite hostname="apoorv" failures="0" tests="1" name="testCases.TestSkip" time="0.007" errors="0" timestamp="2022-06-12T12:07:50 IST" skipped="1">
  <testcase classname="testCases.TestSkip" name="isSkip" time="0.007">
    <skipped/>
  </testcase> <!-- isSkip -->
  <system-out/>
</testsuite> <!-- testCases.TestSkip -->
