<?xml version="1.0" encoding="UTF-8"?>
<!-- Generated by org.testng.reporters.JUnitReportReporter -->
<testsuite hostname="apoorv" failures="0" tests="4" name="testCases.Dependencies" time="0.002" errors="0" timestamp="2022-06-12T18:05:05 IST" skipped="0">
  <testcase classname="testCases.Dependencies" name="doUserReg" time="0.001"/>
  <system-out/>
  <testcase classname="testCases.Dependencies" name="doLogin" time="0.001"/>
  <system-out/>
  <testcase classname="testCases.Dependencies" name="ThirdTest" time="0.000"/>
  <system-out/>
  <testcase classname="testCases.Dependencies" name="FourthTest" time="0.000"/>
  <system-out/>
</testsuite> <!-- testCases.Dependencies -->
