<?xml version="1.0" encoding="UTF-8"?>
<!-- Generated by org.testng.reporters.JUnitReportReporter -->
<testsuite hostname="apoorv" failures="0" tests="2" name="testCases.TestCases" time="0.008" errors="0" timestamp="2022-06-12T18:05:05 IST" skipped="0">
  <testcase classname="testCases.TestCases" name="doUserReg" time="0.006"/>
  <system-out/>
  <testcase classname="testCases.TestCases" name="doLogin" time="0.002"/>
  <system-out/>
</testsuite> <!-- testCases.TestCases -->
